<?xml version="1.0" encoding="UTF-8"?>
<testsuite name="com.algaworks.algashop.product.catalog.contract.base.ProductTest" tests="9" skipped="0" failures="0" errors="0" timestamp="2026-04-11T17:34:15.072Z" hostname="efratec" time="0.865">
  <properties/>
  <testcase name="validate_findProductByIdNotFound()" classname="com.algaworks.algashop.product.catalog.contract.base.ProductTest" time="0.09"/>
  <testcase name="validate_createProductV1()" classname="com.algaworks.algashop.product.catalog.contract.base.ProductTest" time="0.058"/>
  <testcase name="validate_createProductV1BadRequest()" classname="com.algaworks.algashop.product.catalog.contract.base.ProductTest" time="0.026"/>
  <testcase name="validate_findProductByIdV1()" classname="com.algaworks.algashop.product.catalog.contract.base.ProductTest" time="0.023"/>
  <testcase name="validate_updateProductByIdNotFoundV1()" classname="com.algaworks.algashop.product.catalog.contract.base.ProductTest" time="0.031"/>
  <testcase name="validate_deleteProductByIdV1()" classname="com.algaworks.algashop.product.catalog.contract.base.ProductTest" time="0.03"/>
  <testcase name="validate_deleteProductByIdNotFoundV1()" classname="com.algaworks.algashop.product.catalog.contract.base.ProductTest" time="0.028"/>
  <testcase name="validate_updateProductByIdV1()" classname="com.algaworks.algashop.product.catalog.contract.base.ProductTest" time="0.032"/>
  <testcase name="validate_findProductsV1()" classname="com.algaworks.algashop.product.catalog.contract.base.ProductTest" time="0.035"/>
  <system-out><![CDATA[2026-04-11T14:34:15.075-03:00  INFO 130190 --- [product-catalog] [    Test worker] t.c.s.AnnotationConfigContextLoaderUtils : Could not detect default configuration classes for test class [com.algaworks.algashop.product.catalog.contract.base.ProductTest]: ProductTest does not declare any static, non-private, non-final, nested classes annotated with @Configuration.
2026-04-11T14:34:15.087-03:00  INFO 130190 --- [product-catalog] [    Test worker] .b.t.c.SpringBootTestContextBootstrapper : Found @SpringBootConfiguration com.algaworks.algashop.product.catalog.ProductCatalogApplication for test class com.algaworks.algashop.product.catalog.contract.base.ProductTest

  .   ____          _            __ _ _
 /\\ / ___'_ __ _ _(_)_ __  __ _ \ \ \ \
( ( )\___ | '_ | '_| | '_ \/ _` | \ \ \ \
 \\/  ___)| |_)| | | | | || (_| |  ) ) ) )
  '  |____| .__|_| |_|_| |_\__, | / / / /
 =========|_|==============|___/=/_/_/_/

 :: Spring Boot ::                (v4.0.3)

2026-04-11T14:34:15.141-03:00  INFO 130190 --- [product-catalog] [    Test worker] c.a.a.p.c.contract.base.ProductTest      : Starting ProductTest using Java 25.0.2 with PID 130190 (started by efraim in /home/efraim/Desenvolvimento/GIT/Especialista - Microserviços/Algaworks/algashop-meta/microservices/product-catalog)
2026-04-11T14:34:15.141-03:00  INFO 130190 --- [product-catalog] [    Test worker] c.a.a.p.c.contract.base.ProductTest      : The following 3 profiles are active: "test", "base", "test-env"
2026-04-11T14:34:15.545-03:00  INFO 130190 --- [product-catalog] [    Test worker] o.s.b.t.m.w.SpringBootMockServletContext : Initializing Spring TestDispatcherServlet ''
2026-04-11T14:34:15.545-03:00  INFO 130190 --- [product-catalog] [    Test worker] o.s.t.web.servlet.TestDispatcherServlet  : Initializing Servlet ''
2026-04-11T14:34:15.547-03:00  INFO 130190 --- [product-catalog] [    Test worker] o.s.t.web.servlet.TestDispatcherServlet  : Completed initialization in 1 ms
2026-04-11T14:34:15.557-03:00  INFO 130190 --- [product-catalog] [    Test worker] c.a.a.p.c.contract.base.ProductTest      : Started ProductTest in 0.464 seconds (process running for 6.052)
2026-04-11T14:34:15.599-03:00  INFO 130190 --- [product-catalog] [    Test worker] o.s.b.t.m.w.SpringBootMockServletContext : Initializing Spring TestDispatcherServlet ''
2026-04-11T14:34:15.599-03:00  INFO 130190 --- [product-catalog] [    Test worker] o.s.t.web.servlet.TestDispatcherServlet  : Initializing Servlet ''
2026-04-11T14:34:15.600-03:00  INFO 130190 --- [product-catalog] [    Test worker] o.s.t.web.servlet.TestDispatcherServlet  : Completed initialization in 1 ms
2026-04-11T14:34:15.657-03:00  INFO 130190 --- [product-catalog] [    Test worker] o.s.b.t.m.w.SpringBootMockServletContext : Initializing Spring TestDispatcherServlet ''
2026-04-11T14:34:15.657-03:00  INFO 130190 --- [product-catalog] [    Test worker] o.s.t.web.servlet.TestDispatcherServlet  : Initializing Servlet ''
2026-04-11T14:34:15.659-03:00  INFO 130190 --- [product-catalog] [    Test worker] o.s.t.web.servlet.TestDispatcherServlet  : Completed initialization in 2 ms
2026-04-11T14:34:15.718-03:00  INFO 130190 --- [product-catalog] [    Test worker] o.s.b.t.m.w.SpringBootMockServletContext : Initializing Spring TestDispatcherServlet ''
2026-04-11T14:34:15.718-03:00  INFO 130190 --- [product-catalog] [    Test worker] o.s.t.web.servlet.TestDispatcherServlet  : Initializing Servlet ''
2026-04-11T14:34:15.719-03:00  INFO 130190 --- [product-catalog] [    Test worker] o.s.t.web.servlet.TestDispatcherServlet  : Completed initialization in 1 ms
2026-04-11T14:34:15.745-03:00  INFO 130190 --- [product-catalog] [    Test worker] o.s.b.t.m.w.SpringBootMockServletContext : Initializing Spring TestDispatcherServlet ''
2026-04-11T14:34:15.746-03:00  INFO 130190 --- [product-catalog] [    Test worker] o.s.t.web.servlet.TestDispatcherServlet  : Initializing Servlet ''
2026-04-11T14:34:15.747-03:00  INFO 130190 --- [product-catalog] [    Test worker] o.s.t.web.servlet.TestDispatcherServlet  : Completed initialization in 1 ms
2026-04-11T14:34:15.771-03:00  INFO 130190 --- [product-catalog] [    Test worker] o.s.b.t.m.w.SpringBootMockServletContext : Initializing Spring TestDispatcherServlet ''
2026-04-11T14:34:15.771-03:00  INFO 130190 --- [product-catalog] [    Test worker] o.s.t.web.servlet.TestDispatcherServlet  : Initializing Servlet ''
2026-04-11T14:34:15.772-03:00  INFO 130190 --- [product-catalog] [    Test worker] o.s.t.web.servlet.TestDispatcherServlet  : Completed initialization in 1 ms
2026-04-11T14:34:15.806-03:00  INFO 130190 --- [product-catalog] [    Test worker] o.s.b.t.m.w.SpringBootMockServletContext : Initializing Spring TestDispatcherServlet ''
2026-04-11T14:34:15.806-03:00  INFO 130190 --- [product-catalog] [    Test worker] o.s.t.web.servlet.TestDispatcherServlet  : Initializing Servlet ''
2026-04-11T14:34:15.807-03:00  INFO 130190 --- [product-catalog] [    Test worker] o.s.t.web.servlet.TestDispatcherServlet  : Completed initialization in 1 ms
2026-04-11T14:34:15.839-03:00  INFO 130190 --- [product-catalog] [    Test worker] o.s.b.t.m.w.SpringBootMockServletContext : Initializing Spring TestDispatcherServlet ''
2026-04-11T14:34:15.840-03:00  INFO 130190 --- [product-catalog] [    Test worker] o.s.t.web.servlet.TestDispatcherServlet  : Initializing Servlet ''
2026-04-11T14:34:15.841-03:00  INFO 130190 --- [product-catalog] [    Test worker] o.s.t.web.servlet.TestDispatcherServlet  : Completed initialization in 1 ms
2026-04-11T14:34:15.870-03:00  INFO 130190 --- [product-catalog] [    Test worker] o.s.b.t.m.w.SpringBootMockServletContext : Initializing Spring TestDispatcherServlet ''
2026-04-11T14:34:15.871-03:00  INFO 130190 --- [product-catalog] [    Test worker] o.s.t.web.servlet.TestDispatcherServlet  : Initializing Servlet ''
2026-04-11T14:34:15.872-03:00  INFO 130190 --- [product-catalog] [    Test worker] o.s.t.web.servlet.TestDispatcherServlet  : Completed initialization in 1 ms
2026-04-11T14:34:15.906-03:00  INFO 130190 --- [product-catalog] [    Test worker] o.s.b.t.m.w.SpringBootMockServletContext : Initializing Spring TestDispatcherServlet ''
2026-04-11T14:34:15.906-03:00  INFO 130190 --- [product-catalog] [    Test worker] o.s.t.web.servlet.TestDispatcherServlet  : Initializing Servlet ''
2026-04-11T14:34:15.907-03:00  INFO 130190 --- [product-catalog] [    Test worker] o.s.t.web.servlet.TestDispatcherServlet  : Completed initialization in 1 ms
]]></system-out>
  <system-err><![CDATA[]]></system-err>
</testsuite>
