<?xml version="1.0" encoding="UTF-8"?>
<testsuite name="com.algaworks.algashop.product.catalog.contract.base.CategoryTest" tests="9" skipped="0" failures="0" errors="0" timestamp="2026-01-21T22:53:30.154Z" hostname="efratec" time="1.111">
  <properties/>
  <testcase name="validate_findCategoryByIdNotFoundV1()" classname="com.algaworks.algashop.product.catalog.contract.base.CategoryTest" time="0.816"/>
  <testcase name="validate_deleteCategoryByIdNotFoundV1()" classname="com.algaworks.algashop.product.catalog.contract.base.CategoryTest" time="0.011"/>
  <testcase name="validate_createCategoryBadRequestV1()" classname="com.algaworks.algashop.product.catalog.contract.base.CategoryTest" time="0.161"/>
  <testcase name="validate_createCategoryV1()" classname="com.algaworks.algashop.product.catalog.contract.base.CategoryTest" time="0.025"/>
  <testcase name="validate_findCategoryByIdV1()" classname="com.algaworks.algashop.product.catalog.contract.base.CategoryTest" time="0.011"/>
  <testcase name="validate_deleteCategoryV1()" classname="com.algaworks.algashop.product.catalog.contract.base.CategoryTest" time="0.013"/>
  <testcase name="validate_updateCategoryByIdNotFoundV1()" classname="com.algaworks.algashop.product.catalog.contract.base.CategoryTest" time="0.014"/>
  <testcase name="validate_updateCategoryV1()" classname="com.algaworks.algashop.product.catalog.contract.base.CategoryTest" time="0.012"/>
  <testcase name="validate_findCategoriesV1()" classname="com.algaworks.algashop.product.catalog.contract.base.CategoryTest" time="0.033"/>
  <system-out><![CDATA[19:53:27.848 [Test worker] INFO org.springframework.test.context.support.AnnotationConfigContextLoaderUtils -- Could not detect default configuration classes for test class [com.algaworks.algashop.product.catalog.contract.base.CategoryTest]: CategoryTest does not declare any static, non-private, non-final, nested classes annotated with @Configuration.
19:53:27.986 [Test worker] INFO org.springframework.boot.test.context.SpringBootTestContextBootstrapper -- Found @SpringBootConfiguration com.algaworks.algashop.product.catalog.ProductCatalogApplication for test class com.algaworks.algashop.product.catalog.contract.base.CategoryTest

  .   ____          _            __ _ _
 /\\ / ___'_ __ _ _(_)_ __  __ _ \ \ \ \
( ( )\___ | '_ | '_| | '_ \/ _` | \ \ \ \
 \\/  ___)| |_)| | | | | || (_| |  ) ) ) )
  '  |____| .__|_| |_|_| |_\__, | / / / /
 =========|_|==============|___/=/_/_/_/

 :: Spring Boot ::                (v3.5.9)

2026-01-21T19:53:28.315-03:00  INFO 423790 --- [product-catalog] [    Test worker] c.a.a.p.c.contract.base.CategoryTest     : Starting CategoryTest using Java 21.0.7 with PID 423790 (started by efraim in /home/efraim/Desenvolvimento/GIT/Especialista - Microserviços/Algaworks/algashop-meta/microservices/product-catalog)
2026-01-21T19:53:28.316-03:00  INFO 423790 --- [product-catalog] [    Test worker] c.a.a.p.c.contract.base.CategoryTest     : No active profile set, falling back to 1 default profile: "default"
2026-01-21T19:53:30.108-03:00  INFO 423790 --- [product-catalog] [    Test worker] o.s.b.t.m.w.SpringBootMockServletContext : Initializing Spring TestDispatcherServlet ''
2026-01-21T19:53:30.109-03:00  INFO 423790 --- [product-catalog] [    Test worker] o.s.t.web.servlet.TestDispatcherServlet  : Initializing Servlet ''
2026-01-21T19:53:30.111-03:00  INFO 423790 --- [product-catalog] [    Test worker] o.s.t.web.servlet.TestDispatcherServlet  : Completed initialization in 1 ms
2026-01-21T19:53:30.135-03:00  INFO 423790 --- [product-catalog] [    Test worker] c.a.a.p.c.contract.base.CategoryTest     : Started CategoryTest in 2.102 seconds (process running for 3.043)
2026-01-21T19:53:30.178-03:00  INFO 423790 --- [product-catalog] [    Test worker] o.s.b.t.m.w.SpringBootMockServletContext : Initializing Spring TestDispatcherServlet ''
2026-01-21T19:53:30.178-03:00  INFO 423790 --- [product-catalog] [    Test worker] o.s.t.web.servlet.TestDispatcherServlet  : Initializing Servlet ''
2026-01-21T19:53:30.179-03:00  INFO 423790 --- [product-catalog] [    Test worker] o.s.t.web.servlet.TestDispatcherServlet  : Completed initialization in 1 ms
2026-01-21T19:53:30.975-03:00  INFO 423790 --- [product-catalog] [    Test worker] o.s.b.t.m.w.SpringBootMockServletContext : Initializing Spring TestDispatcherServlet ''
2026-01-21T19:53:30.975-03:00  INFO 423790 --- [product-catalog] [    Test worker] o.s.t.web.servlet.TestDispatcherServlet  : Initializing Servlet ''
2026-01-21T19:53:30.976-03:00  INFO 423790 --- [product-catalog] [    Test worker] o.s.t.web.servlet.TestDispatcherServlet  : Completed initialization in 0 ms
2026-01-21T19:53:30.987-03:00  INFO 423790 --- [product-catalog] [    Test worker] o.s.b.t.m.w.SpringBootMockServletContext : Initializing Spring TestDispatcherServlet ''
2026-01-21T19:53:30.987-03:00  INFO 423790 --- [product-catalog] [    Test worker] o.s.t.web.servlet.TestDispatcherServlet  : Initializing Servlet ''
2026-01-21T19:53:30.988-03:00  INFO 423790 --- [product-catalog] [    Test worker] o.s.t.web.servlet.TestDispatcherServlet  : Completed initialization in 1 ms
2026-01-21T19:53:31.154-03:00  INFO 423790 --- [product-catalog] [    Test worker] o.s.b.t.m.w.SpringBootMockServletContext : Initializing Spring TestDispatcherServlet ''
2026-01-21T19:53:31.155-03:00  INFO 423790 --- [product-catalog] [    Test worker] o.s.t.web.servlet.TestDispatcherServlet  : Initializing Servlet ''
2026-01-21T19:53:31.156-03:00  INFO 423790 --- [product-catalog] [    Test worker] o.s.t.web.servlet.TestDispatcherServlet  : Completed initialization in 1 ms
2026-01-21T19:53:31.178-03:00  INFO 423790 --- [product-catalog] [    Test worker] o.s.b.t.m.w.SpringBootMockServletContext : Initializing Spring TestDispatcherServlet ''
2026-01-21T19:53:31.179-03:00  INFO 423790 --- [product-catalog] [    Test worker] o.s.t.web.servlet.TestDispatcherServlet  : Initializing Servlet ''
2026-01-21T19:53:31.179-03:00  INFO 423790 --- [product-catalog] [    Test worker] o.s.t.web.servlet.TestDispatcherServlet  : Completed initialization in 0 ms
2026-01-21T19:53:31.191-03:00  INFO 423790 --- [product-catalog] [    Test worker] o.s.b.t.m.w.SpringBootMockServletContext : Initializing Spring TestDispatcherServlet ''
2026-01-21T19:53:31.191-03:00  INFO 423790 --- [product-catalog] [    Test worker] o.s.t.web.servlet.TestDispatcherServlet  : Initializing Servlet ''
2026-01-21T19:53:31.192-03:00  INFO 423790 --- [product-catalog] [    Test worker] o.s.t.web.servlet.TestDispatcherServlet  : Completed initialization in 0 ms
2026-01-21T19:53:31.205-03:00  INFO 423790 --- [product-catalog] [    Test worker] o.s.b.t.m.w.SpringBootMockServletContext : Initializing Spring TestDispatcherServlet ''
2026-01-21T19:53:31.206-03:00  INFO 423790 --- [product-catalog] [    Test worker] o.s.t.web.servlet.TestDispatcherServlet  : Initializing Servlet ''
2026-01-21T19:53:31.206-03:00  INFO 423790 --- [product-catalog] [    Test worker] o.s.t.web.servlet.TestDispatcherServlet  : Completed initialization in 0 ms
2026-01-21T19:53:31.220-03:00  INFO 423790 --- [product-catalog] [    Test worker] o.s.b.t.m.w.SpringBootMockServletContext : Initializing Spring TestDispatcherServlet ''
2026-01-21T19:53:31.220-03:00  INFO 423790 --- [product-catalog] [    Test worker] o.s.t.web.servlet.TestDispatcherServlet  : Initializing Servlet ''
2026-01-21T19:53:31.221-03:00  INFO 423790 --- [product-catalog] [    Test worker] o.s.t.web.servlet.TestDispatcherServlet  : Completed initialization in 1 ms
2026-01-21T19:53:31.233-03:00  INFO 423790 --- [product-catalog] [    Test worker] o.s.b.t.m.w.SpringBootMockServletContext : Initializing Spring TestDispatcherServlet ''
2026-01-21T19:53:31.233-03:00  INFO 423790 --- [product-catalog] [    Test worker] o.s.t.web.servlet.TestDispatcherServlet  : Initializing Servlet ''
2026-01-21T19:53:31.234-03:00  INFO 423790 --- [product-catalog] [    Test worker] o.s.t.web.servlet.TestDispatcherServlet  : Completed initialization in 0 ms
]]></system-out>
  <system-err><![CDATA[Mockito is currently self-attaching to enable the inline-mock-maker. This will no longer work in future releases of the JDK. Please add Mockito as an agent to your build as described in Mockito's documentation: https://javadoc.io/doc/org.mockito/mockito-core/latest/org.mockito/org/mockito/Mockito.html#0.3
WARNING: A Java agent has been loaded dynamically (/home/efraim/.gradle/caches/modules-2/files-2.1/net.bytebuddy/byte-buddy-agent/1.17.8/f09415827a71be7ed621c7bd02550678f28bc81c/byte-buddy-agent-1.17.8.jar)
WARNING: If a serviceability tool is in use, please run with -XX:+EnableDynamicAgentLoading to hide this warning
WARNING: If a serviceability tool is not in use, please run with -Djdk.instrument.traceUsage for more information
WARNING: Dynamic loading of agents will be disallowed by default in a future release
]]></system-err>
</testsuite>
