<?xml version="1.0" encoding="UTF-8"?>
<testsuite name="com.algaworks.algashop.product.catalog.contract.base.CategoryTest" tests="9" skipped="0" failures="0" errors="0" timestamp="2026-04-11T17:34:10.643Z" hostname="efratec" time="4.417">
  <properties/>
  <testcase name="validate_findCategoryByIdNotFoundV1()" classname="com.algaworks.algashop.product.catalog.contract.base.CategoryTest" time="0.867"/>
  <testcase name="validate_deleteCategoryByIdNotFoundV1()" classname="com.algaworks.algashop.product.catalog.contract.base.CategoryTest" time="0.019"/>
  <testcase name="validate_createCategoryBadRequestV1()" classname="com.algaworks.algashop.product.catalog.contract.base.CategoryTest" time="0.185"/>
  <testcase name="validate_createCategoryV1()" classname="com.algaworks.algashop.product.catalog.contract.base.CategoryTest" time="0.054"/>
  <testcase name="validate_findCategoryByIdV1()" classname="com.algaworks.algashop.product.catalog.contract.base.CategoryTest" time="0.022"/>
  <testcase name="validate_deleteCategoryV1()" classname="com.algaworks.algashop.product.catalog.contract.base.CategoryTest" time="0.018"/>
  <testcase name="validate_updateCategoryByIdNotFoundV1()" classname="com.algaworks.algashop.product.catalog.contract.base.CategoryTest" time="0.023"/>
  <testcase name="validate_updateCategoryV1()" classname="com.algaworks.algashop.product.catalog.contract.base.CategoryTest" time="0.022"/>
  <testcase name="validate_findCategoriesV1()" classname="com.algaworks.algashop.product.catalog.contract.base.CategoryTest" time="0.094"/>
  <system-out><![CDATA[14:34:10.818 [Test worker] INFO org.springframework.test.context.support.AnnotationConfigContextLoaderUtils -- Could not detect default configuration classes for test class [com.algaworks.algashop.product.catalog.contract.base.CategoryTest]: CategoryTest does not declare any static, non-private, non-final, nested classes annotated with @Configuration.
14:34:11.013 [Test worker] INFO org.springframework.boot.test.context.SpringBootTestContextBootstrapper -- Found @SpringBootConfiguration com.algaworks.algashop.product.catalog.ProductCatalogApplication for test class com.algaworks.algashop.product.catalog.contract.base.CategoryTest

  .   ____          _            __ _ _
 /\\ / ___'_ __ _ _(_)_ __  __ _ \ \ \ \
( ( )\___ | '_ | '_| | '_ \/ _` | \ \ \ \
 \\/  ___)| |_)| | | | | || (_| |  ) ) ) )
  '  |____| .__|_| |_|_| |_\__, | / / / /
 =========|_|==============|___/=/_/_/_/

 :: Spring Boot ::                (v4.0.3)

2026-04-11T14:34:11.584-03:00  INFO 130190 --- [product-catalog] [    Test worker] c.a.a.p.c.contract.base.CategoryTest     : Starting CategoryTest using Java 25.0.2 with PID 130190 (started by efraim in /home/efraim/Desenvolvimento/GIT/Especialista - Microserviços/Algaworks/algashop-meta/microservices/product-catalog)
2026-04-11T14:34:11.587-03:00  INFO 130190 --- [product-catalog] [    Test worker] c.a.a.p.c.contract.base.CategoryTest     : The following 3 profiles are active: "test", "base", "test-env"
2026-04-11T14:34:13.691-03:00  INFO 130190 --- [product-catalog] [    Test worker] o.s.b.t.m.w.SpringBootMockServletContext : Initializing Spring TestDispatcherServlet ''
2026-04-11T14:34:13.691-03:00  INFO 130190 --- [product-catalog] [    Test worker] o.s.t.web.servlet.TestDispatcherServlet  : Initializing Servlet ''
2026-04-11T14:34:13.694-03:00  INFO 130190 --- [product-catalog] [    Test worker] o.s.t.web.servlet.TestDispatcherServlet  : Completed initialization in 2 ms
2026-04-11T14:34:13.718-03:00  INFO 130190 --- [product-catalog] [    Test worker] c.a.a.p.c.contract.base.CategoryTest     : Started CategoryTest in 2.623 seconds (process running for 4.214)
2026-04-11T14:34:13.741-03:00  INFO 130190 --- [product-catalog] [    Test worker] o.s.b.t.m.w.SpringBootMockServletContext : Initializing Spring TestDispatcherServlet ''
2026-04-11T14:34:13.741-03:00  INFO 130190 --- [product-catalog] [    Test worker] o.s.t.web.servlet.TestDispatcherServlet  : Initializing Servlet ''
2026-04-11T14:34:13.743-03:00  INFO 130190 --- [product-catalog] [    Test worker] o.s.t.web.servlet.TestDispatcherServlet  : Completed initialization in 2 ms
2026-04-11T14:34:14.604-03:00  INFO 130190 --- [product-catalog] [    Test worker] o.s.b.t.m.w.SpringBootMockServletContext : Initializing Spring TestDispatcherServlet ''
2026-04-11T14:34:14.604-03:00  INFO 130190 --- [product-catalog] [    Test worker] o.s.t.web.servlet.TestDispatcherServlet  : Initializing Servlet ''
2026-04-11T14:34:14.605-03:00  INFO 130190 --- [product-catalog] [    Test worker] o.s.t.web.servlet.TestDispatcherServlet  : Completed initialization in 1 ms
2026-04-11T14:34:14.626-03:00  INFO 130190 --- [product-catalog] [    Test worker] o.s.b.t.m.w.SpringBootMockServletContext : Initializing Spring TestDispatcherServlet ''
2026-04-11T14:34:14.626-03:00  INFO 130190 --- [product-catalog] [    Test worker] o.s.t.web.servlet.TestDispatcherServlet  : Initializing Servlet ''
2026-04-11T14:34:14.628-03:00  INFO 130190 --- [product-catalog] [    Test worker] o.s.t.web.servlet.TestDispatcherServlet  : Completed initialization in 2 ms
2026-04-11T14:34:14.814-03:00  INFO 130190 --- [product-catalog] [    Test worker] o.s.b.t.m.w.SpringBootMockServletContext : Initializing Spring TestDispatcherServlet ''
2026-04-11T14:34:14.815-03:00  INFO 130190 --- [product-catalog] [    Test worker] o.s.t.web.servlet.TestDispatcherServlet  : Initializing Servlet ''
2026-04-11T14:34:14.817-03:00  INFO 130190 --- [product-catalog] [    Test worker] o.s.t.web.servlet.TestDispatcherServlet  : Completed initialization in 1 ms
2026-04-11T14:34:14.871-03:00  INFO 130190 --- [product-catalog] [    Test worker] o.s.b.t.m.w.SpringBootMockServletContext : Initializing Spring TestDispatcherServlet ''
2026-04-11T14:34:14.871-03:00  INFO 130190 --- [product-catalog] [    Test worker] o.s.t.web.servlet.TestDispatcherServlet  : Initializing Servlet ''
2026-04-11T14:34:14.873-03:00  INFO 130190 --- [product-catalog] [    Test worker] o.s.t.web.servlet.TestDispatcherServlet  : Completed initialization in 1 ms
2026-04-11T14:34:14.896-03:00  INFO 130190 --- [product-catalog] [    Test worker] o.s.b.t.m.w.SpringBootMockServletContext : Initializing Spring TestDispatcherServlet ''
2026-04-11T14:34:14.896-03:00  INFO 130190 --- [product-catalog] [    Test worker] o.s.t.web.servlet.TestDispatcherServlet  : Initializing Servlet ''
2026-04-11T14:34:14.898-03:00  INFO 130190 --- [product-catalog] [    Test worker] o.s.t.web.servlet.TestDispatcherServlet  : Completed initialization in 1 ms
2026-04-11T14:34:14.917-03:00  INFO 130190 --- [product-catalog] [    Test worker] o.s.b.t.m.w.SpringBootMockServletContext : Initializing Spring TestDispatcherServlet ''
2026-04-11T14:34:14.918-03:00  INFO 130190 --- [product-catalog] [    Test worker] o.s.t.web.servlet.TestDispatcherServlet  : Initializing Servlet ''
2026-04-11T14:34:14.919-03:00  INFO 130190 --- [product-catalog] [    Test worker] o.s.t.web.servlet.TestDispatcherServlet  : Completed initialization in 1 ms
2026-04-11T14:34:14.943-03:00  INFO 130190 --- [product-catalog] [    Test worker] o.s.b.t.m.w.SpringBootMockServletContext : Initializing Spring TestDispatcherServlet ''
2026-04-11T14:34:14.943-03:00  INFO 130190 --- [product-catalog] [    Test worker] o.s.t.web.servlet.TestDispatcherServlet  : Initializing Servlet ''
2026-04-11T14:34:14.944-03:00  INFO 130190 --- [product-catalog] [    Test worker] o.s.t.web.servlet.TestDispatcherServlet  : Completed initialization in 1 ms
2026-04-11T14:34:14.971-03:00  INFO 130190 --- [product-catalog] [    Test worker] o.s.b.t.m.w.SpringBootMockServletContext : Initializing Spring TestDispatcherServlet ''
2026-04-11T14:34:14.971-03:00  INFO 130190 --- [product-catalog] [    Test worker] o.s.t.web.servlet.TestDispatcherServlet  : Initializing Servlet ''
2026-04-11T14:34:14.972-03:00  INFO 130190 --- [product-catalog] [    Test worker] o.s.t.web.servlet.TestDispatcherServlet  : Completed initialization in 1 ms
]]></system-out>
  <system-err><![CDATA[Mockito is currently self-attaching to enable the inline-mock-maker. This will no longer work in future releases of the JDK. Please add Mockito as an agent to your build as described in Mockito's documentation: https://javadoc.io/doc/org.mockito/mockito-core/latest/org.mockito/org/mockito/Mockito.html#0.3
WARNING: A Java agent has been loaded dynamically (/home/efraim/.gradle/caches/modules-2/files-2.1/net.bytebuddy/byte-buddy-agent/1.17.8/f09415827a71be7ed621c7bd02550678f28bc81c/byte-buddy-agent-1.17.8.jar)
WARNING: If a serviceability tool is in use, please run with -XX:+EnableDynamicAgentLoading to hide this warning
WARNING: If a serviceability tool is not in use, please run with -Djdk.instrument.traceUsage for more information
WARNING: Dynamic loading of agents will be disallowed by default in a future release
]]></system-err>
</testsuite>
